[2016-09-17 23:31:42] [INFO] loading ...-begin to decode:2ce58586fc2b0ef6dccda83d1e6ca030.apk
[2016-09-17 23:31:43] [WARN] Unknown 'R' class, create references to 'com.zxfnnn020.sucruri.R'
[2016-09-17 23:31:43] [INFO] processing ...
[2016-09-17 23:31:44] [WARN] Unknown top splitter block from list: {B:24:0x005e=Splitter: B:24:0x005e, B:12:0x002c=Splitter: B:12:0x002c}
[2016-09-17 23:31:44] [ERROR] Failed to process nested try/catch in method: javax.mail.Session.loadAllResources(java.lang.String, java.lang.Class, javax.mail.StreamLoader):void
[2016-09-17 23:31:45] [WARN] Finally extract failed: remBlock pred: B:77:0x0139, [B:73:0x0133, B:115:0x0139], method: javax.mail.Transport.send0(javax.mail.Message, javax.mail.Address[]):void
[2016-09-17 23:31:49] [ERROR] Can't fix incorrect switch cases order, method: javax.mail.internet.InternetAddress.parse(java.lang.String, boolean, boolean):javax.mail.internet.InternetAddress[]
[2016-09-17 23:31:51] [ERROR] Failed to process nested try/catch in method: javax.mail.internet.MailDateFormat.parseDate(char[], java.text.ParsePosition, boolean):java.util.Date
[2016-09-17 23:31:52] [ERROR] Block not found by B:22:0x0028, in BRI start: (B:3:?, B:12:?), end: null, list: [(B:3:?, B:12:?)], outs: [(B:18:0x0018, B:13:0x0028)], regMap: {(r0 java.io.PipedOutputStream)=(r1 java.io.PipedOutputStream)}, split: 0, method: javax.activation.DataHandler.1.run():void
[2016-09-17 23:31:52] [WARN] Unknown top splitter block from list: {B:27:0x0030=Splitter: B:27:0x0030, B:38:0x0048=Splitter: B:38:0x0048}
[2016-09-17 23:31:53] [ERROR] Failed to process nested try/catch in method: com.sun.mail.imap.IMAPStore.getNamespaces():com.sun.mail.imap.protocol.Namespaces
[2016-09-17 23:31:53] [ERROR] Failed to process nested try/catch in method: com.sun.mail.imap.IMAPStore.isConnected():boolean
[2016-09-17 23:31:53] [ERROR] Failed to process nested try/catch in method: com.sun.mail.imap.IMAPStore.protocolConnect(java.lang.String, int, java.lang.String, java.lang.String):boolean
[2016-09-17 23:31:55] [ERROR] Inconsistent code in method: javax.mail.internet.MimeMultipart.parsebm():void
[2016-09-17 23:31:55] [ERROR] Inconsistent code in method: javax.mail.internet.MimeMultipart.parse():void
[2016-09-17 23:31:57] [ERROR] JadxOverflowException in pass: RegionMakerVisitor in method: javax.mail.EventQueue.run():void, message: Regions stack size limit reached
[2016-09-17 23:31:57] [WARN] Finally extract failed: remBlock pred: B:11:0x0033, [B:10:0x002b, B:9:0x0029], method: com.sun.mail.imap.IMAPFolder.getStatus():com.sun.mail.imap.protocol.Status
[2016-09-17 23:31:57] [WARN] Unknown top splitter block from list: {B:32:0x0036=Splitter: B:32:0x0036, B:20:0x0024=Splitter: B:20:0x0024, B:39:0x003f=Splitter: B:39:0x003f}
[2016-09-17 23:31:57] [WARN] Unknown top splitter block from list: {B:32:0x0036=Splitter: B:32:0x0036, B:20:0x0024=Splitter: B:20:0x0024, B:39:0x003f=Splitter: B:39:0x003f}
[2016-09-17 23:31:58] [ERROR] JadxRuntimeException in pass: RegionMakerVisitor in method: com.sun.mail.imap.IMAPFolder.getMessageCount():int
[2016-09-17 23:31:58] [ERROR] JadxRuntimeException in pass: RegionMakerVisitor in method: com.sun.mail.imap.IMAPFolder.getNewMessageCount():int
[2016-09-17 23:31:58] [WARN] No exception handlers in catch block, method: com.sun.mail.imap.IMAPFolder.idle():void
[2016-09-17 23:31:59] [ERROR] Inconsistent code in method: com.sun.mail.imap.IMAPFolder.close(boolean, boolean):void
[2016-09-17 23:32:00] [ERROR] Inconsistent code in method: com.sun.mail.imap.IMAPFolder.idle():void
[2016-09-17 23:32:00] [WARN] Several 'all' handlers in try/catch block in com.sun.mail.imap.IMAPFolder.open(int):void
[2016-09-17 23:32:00] [ERROR] Inconsistent code in method: com.sun.mail.imap.IMAPMessage.fetch(com.sun.mail.imap.IMAPFolder, javax.mail.Message[], javax.mail.FetchProfile):void
[2016-09-17 23:32:00] [ERROR] Inconsistent code in method: com.sun.mail.imap.IMAPStore.getNamespaces():com.sun.mail.imap.protocol.Namespaces
[2016-09-17 23:32:00] [ERROR] Inconsistent code in method: com.sun.mail.imap.IMAPStore.idle():void
[2016-09-17 23:32:01] [ERROR] Inconsistent code in method: com.sun.mail.imap.IMAPStore.isConnected():boolean
[2016-09-17 23:32:01] [ERROR] Inconsistent code in method: com.sun.mail.imap.IMAPStore.protocolConnect(java.lang.String, int, java.lang.String, java.lang.String):boolean
[2016-09-17 23:32:01] [ERROR] Inconsistent code in method: javax.mail.internet.InternetAddress.parse(java.lang.String, boolean, boolean):javax.mail.internet.InternetAddress[]
[2016-09-17 23:32:01] [WARN] No exception handlers in catch block, method: com.sun.mail.imap.protocol.IMAPSaslAuthenticator.authenticate(java.lang.String[], java.lang.String, java.lang.String, java.lang.String, java.lang.String):boolean
[2016-09-17 23:32:01] [ERROR] Inconsistent code in method: com.sun.mail.imap.protocol.IMAPSaslAuthenticator.authenticate(java.lang.String[], java.lang.String, java.lang.String, java.lang.String, java.lang.String):boolean
[2016-09-17 23:32:02] [ERROR] Inconsistent code in method: com.sun.mail.pop3.POP3Message.loadHeaders():void
[2016-09-17 23:32:02] [ERROR] Inconsistent code in method: com.sun.mail.pop3.POP3Message.getContentStream():java.io.InputStream
[2016-09-17 23:32:02] [ERROR] Inconsistent code in method: com.sun.mail.pop3.Protocol.multilineCommand(java.lang.String, int):com.sun.mail.pop3.Response
[2016-09-17 23:32:02] [WARN] Several 'all' handlers in try/catch block in com.sun.mail.pop3.Protocol.quit():boolean
[2016-09-17 23:32:03] [WARN] Finally extract failed: remBlock pred: B:90:0x01e8, [B:89:0x01e7, B:145:0x028a], method: com.sun.mail.smtp.SMTPTransport.protocolConnect(java.lang.String, int, java.lang.String, java.lang.String):boolean
[2016-09-17 23:32:03] [WARN] Finally extract failed: remBlock pred: B:51:0x00e3, [B:50:0x00de, B:49:0x00dc], method: com.sun.mail.smtp.SMTPTransport.sendMessage(javax.mail.Message, javax.mail.Address[]):void
[2016-09-17 23:32:03] [ERROR] JadxRuntimeException in pass: BlockFinish in method: com.sun.mail.smtp.SMTPTransport.protocolConnect(java.lang.String, int, java.lang.String, java.lang.String):boolean
[2016-09-17 23:32:03] [ERROR] Inconsistent code in method: com.sun.mail.util.LineInputStream.readLine():java.lang.String
[2016-09-17 23:32:04] [ERROR] Inconsistent code in method: javax.activation.DataHandler.1.run():void
[2016-09-17 23:32:04] [WARN] Unknown top splitter block from list: {B:34:0x0071=Splitter: B:34:0x0071, B:22:0x004f=Splitter: B:22:0x004f}
[2016-09-17 23:32:04] [WARN] Unknown top splitter block from list: {B:34:0x0071=Splitter: B:34:0x0071, B:22:0x004f=Splitter: B:22:0x004f}
[2016-09-17 23:32:05] [ERROR] Inconsistent code in method: javax.mail.Session.loadAllResources(java.lang.String, java.lang.Class, javax.mail.StreamLoader):void
[2016-09-17 23:32:05] [ERROR] Can't fix incorrect switch cases order, method: javax.mail.internet.MailDateParser.parseMonth():int
[2016-09-17 23:32:05] [ERROR] Inconsistent code in method: javax.mail.internet.MailDateFormat.parseDate(char[], java.text.ParsePosition, boolean):java.util.Date
[2016-09-17 23:32:05] [ERROR] Inconsistent code in method: javax.mail.internet.MailDateParser.parseMonth():int
[2016-09-17 23:32:05] [ERROR] Inconsistent code in method: javax.mail.internet.MailDateParser.parseNumber():int
[2016-09-17 23:32:05] [ERROR] Inconsistent code in method: javax.mail.internet.ParameterList.<init>(java.lang.String):void
[2016-09-17 23:32:06] [WARN] Finally extract failed: remBlock pred: B:6:0x000f, [B:5:0x000a, B:9:0x001b], method: javax.mail.util.SharedFileInputStream.close():void
[2016-09-17 23:32:06] [ERROR] Inconsistent code in method: javax.mail.util.SharedFileInputStream.skip(long):long
[2016-09-17 23:32:06] [ERROR] Inconsistent code in method: org.apache.harmony.awt.datatransfer.DTK.getDTK():org.apache.harmony.awt.datatransfer.DTK
[2016-09-17 23:32:09] [WARN] Found 12 references to unknown classes
[2016-09-17 23:32:09] [ERROR] 32 errors occurred in following nodes:
[2016-09-17 23:32:09] [ERROR]   Method: com.sun.mail.imap.IMAPFolder.close(boolean, boolean):void
[2016-09-17 23:32:09] [ERROR]   Method: com.sun.mail.imap.IMAPFolder.getMessageCount():int
[2016-09-17 23:32:09] [ERROR]   Method: com.sun.mail.imap.IMAPFolder.getNewMessageCount():int
[2016-09-17 23:32:09] [ERROR]   Method: com.sun.mail.imap.IMAPFolder.idle():void
[2016-09-17 23:32:09] [ERROR]   Method: com.sun.mail.imap.IMAPMessage.fetch(com.sun.mail.imap.IMAPFolder, javax.mail.Message[], javax.mail.FetchProfile):void
[2016-09-17 23:32:09] [ERROR]   Method: com.sun.mail.imap.IMAPStore.getNamespaces():com.sun.mail.imap.protocol.Namespaces
[2016-09-17 23:32:09] [ERROR]   Method: com.sun.mail.imap.IMAPStore.idle():void
[2016-09-17 23:32:09] [ERROR]   Method: com.sun.mail.imap.IMAPStore.isConnected():boolean
[2016-09-17 23:32:09] [ERROR]   Method: com.sun.mail.imap.IMAPStore.protocolConnect(java.lang.String, int, java.lang.String, java.lang.String):boolean
[2016-09-17 23:32:09] [ERROR]   Method: com.sun.mail.imap.protocol.IMAPSaslAuthenticator.authenticate(java.lang.String[], java.lang.String, java.lang.String, java.lang.String, java.lang.String):boolean
[2016-09-17 23:32:09] [ERROR]   Method: com.sun.mail.pop3.POP3Message.getContentStream():java.io.InputStream
[2016-09-17 23:32:09] [ERROR]   Method: com.sun.mail.pop3.POP3Message.loadHeaders():void
[2016-09-17 23:32:09] [ERROR]   Method: com.sun.mail.pop3.Protocol.multilineCommand(java.lang.String, int):com.sun.mail.pop3.Response
[2016-09-17 23:32:09] [ERROR]   Method: com.sun.mail.smtp.SMTPTransport.protocolConnect(java.lang.String, int, java.lang.String, java.lang.String):boolean
[2016-09-17 23:32:09] [ERROR]   Method: com.sun.mail.util.LineInputStream.readLine():java.lang.String
[2016-09-17 23:32:09] [ERROR]   Method: javax.activation.DataHandler.1.run():void
[2016-09-17 23:32:09] [ERROR]   Method: javax.mail.EventQueue.run():void
[2016-09-17 23:32:09] [ERROR]   Method: javax.mail.Session.loadAllResources(java.lang.String, java.lang.Class, javax.mail.StreamLoader):void
[2016-09-17 23:32:09] [ERROR]   Method: javax.mail.internet.InternetAddress.parse(java.lang.String, boolean, boolean):javax.mail.internet.InternetAddress[]
[2016-09-17 23:32:09] [ERROR]   Method: javax.mail.internet.MailDateFormat.parseDate(char[], java.text.ParsePosition, boolean):java.util.Date
[2016-09-17 23:32:09] [ERROR]   Method: javax.mail.internet.MailDateParser.parseMonth():int
[2016-09-17 23:32:09] [ERROR]   Method: javax.mail.internet.MailDateParser.parseNumber():int
[2016-09-17 23:32:09] [ERROR]   Method: javax.mail.internet.MimeMultipart.parse():void
[2016-09-17 23:32:09] [ERROR]   Method: javax.mail.internet.MimeMultipart.parsebm():void
[2016-09-17 23:32:09] [ERROR]   Method: javax.mail.internet.ParameterList.<init>(java.lang.String):void
[2016-09-17 23:32:09] [ERROR]   Method: javax.mail.util.SharedFileInputStream.skip(long):long
[2016-09-17 23:32:09] [ERROR]   Method: org.apache.harmony.awt.datatransfer.DTK.getDTK():org.apache.harmony.awt.datatransfer.DTK
[2016-09-17 23:32:09] [ERROR] finished with errors-finsh decode:2ce58586fc2b0ef6dccda83d1e6ca030.apk
[2016-09-17 23:32:09,535] [INFO] codeSort.py:108 run -begin to find key codeblock in 2ce58586fc2b0ef6dccda83d1e6ca030.apk source
[2016-09-17 23:32:09,535] [INFO] codeSort.py:38 getRegularExpression
[2016-09-17 23:32:09,535] [INFO] codeSort.py:88 FindTarString
[2016-09-17 23:32:09,535] [INFO] codeSort.py:58 GetFilePathList
[2016-09-17 23:32:09,685] [INFO] codeSort.py:71 FindTarStringLocationInFile
[2016-09-17 23:32:09,685] [INFO] codeSort.py:51 OutPutReport
[2016-09-17 23:32:09,686] [INFO] codeSort.py:29 clear
[2016-09-17 23:32:09,688] [INFO] codeSort.py:71 FindTarStringLocationInFile
[2016-09-17 23:32:09,689] [INFO] codeSort.py:51 OutPutReport
[2016-09-17 23:32:09,689] [INFO] codeSort.py:29 clear
[2016-09-17 23:32:09,702] [INFO] codeSort.py:71 FindTarStringLocationInFile
[2016-09-17 23:32:09,703] [INFO] codeSort.py:51 OutPutReport
[2016-09-17 23:32:09,703] [INFO] codeSort.py:29 clear
[2016-09-17 23:32:09,718] [INFO] codeSort.py:71 FindTarStringLocationInFile
[2016-09-17 23:32:09,719] [INFO] codeSort.py:51 OutPutReport
[2016-09-17 23:32:09,719] [INFO] codeSort.py:29 clear
[2016-09-17 23:32:09,751] [INFO] codeSort.py:71 FindTarStringLocationInFile
[2016-09-17 23:32:09,752] [INFO] codeSort.py:51 OutPutReport
[2016-09-17 23:32:09,752] [INFO] codeSort.py:29 clear
[2016-09-17 23:32:09,757] [INFO] codeSort.py:71 FindTarStringLocationInFile
[2016-09-17 23:32:09,761] [INFO] codeSort.py:51 OutPutReport
[2016-09-17 23:32:09,761] [INFO] codeSort.py:29 clear
[2016-09-17 23:32:09,761] [INFO] codeSort.py:71 FindTarStringLocationInFile
[2016-09-17 23:32:09,761] [INFO] codeSort.py:51 OutPutReport
[2016-09-17 23:32:09,762] [INFO] codeSort.py:29 clear
[2016-09-17 23:32:09,774] [INFO] codeSort.py:71 FindTarStringLocationInFile
[2016-09-17 23:32:09,774] [INFO] codeSort.py:51 OutPutReport
[2016-09-17 23:32:09,775] [INFO] codeSort.py:29 clear
[2016-09-17 23:32:09,788] [INFO] codeSort.py:71 FindTarStringLocationInFile
[2016-09-17 23:32:09,789] [INFO] codeSort.py:51 OutPutReport
[2016-09-17 23:32:09,789] [INFO] codeSort.py:29 clear
[2016-09-17 23:32:09,799] [INFO] codeSort.py:71 FindTarStringLocationInFile
[2016-09-17 23:32:09,799] [INFO] codeSort.py:51 OutPutReport
[2016-09-17 23:32:09,800] [INFO] codeSort.py:29 clear
[2016-09-17 23:32:09,807] [INFO] codeSort.py:71 FindTarStringLocationInFile
[2016-09-17 23:32:09,807] [INFO] codeSort.py:51 OutPutReport
[2016-09-17 23:32:09,808] [INFO] codeSort.py:29 clear
[2016-09-17 23:32:09,818] [INFO] codeSort.py:71 FindTarStringLocationInFile
[2016-09-17 23:32:09,819] [INFO] codeSort.py:51 OutPutReport
[2016-09-17 23:32:09,819] [INFO] codeSort.py:29 clear
[2016-09-17 23:32:09,831] [INFO] codeSort.py:71 FindTarStringLocationInFile
[2016-09-17 23:32:09,832] [INFO] codeSort.py:51 OutPutReport
[2016-09-17 23:32:09,832] [INFO] codeSort.py:29 clear
[2016-09-17 23:32:09,844] [INFO] codeSort.py:71 FindTarStringLocationInFile
[2016-09-17 23:32:09,845] [INFO] codeSort.py:51 OutPutReport
[2016-09-17 23:32:09,845] [INFO] codeSort.py:29 clear
[2016-09-17 23:32:10,201] [INFO] codeSort.py:71 FindTarStringLocationInFile
[2016-09-17 23:32:10,246] [INFO] codeSort.py:29 clear
[2016-09-17 23:32:11,598] [INFO] codeSort.py:127 finish find key codeblock in 2ce58586fc2b0ef6dccda83d1e6ca030.apk source
[2016-09-17 23:32:11,646] [INFO] actionPraser.py:78 run -begin to find permission and action in 2ce58586fc2b0ef6dccda83d1e6ca030.apk xml
[2016-09-17 23:32:11,646] [INFO] actionPraser.py:53 getPermission
[2016-09-17 23:32:11,646] [INFO] actionPraser.py:33 parseTag
[2016-09-17 23:32:11,646] [INFO] actionPraser.py:49 getAction
[2016-09-17 23:32:11,647] [INFO] actionPraser.py:33 parseTag
[2016-09-17 23:32:11,647] [INFO] actionPraser.py:98 finish find permission and action in 2ce58586fc2b0ef6dccda83d1e6ca030.apk xml
